<?xml version="1.0" encoding="UTF-8"?>
<!-- Generated by org.testng.reporters.JUnitReportReporter -->
<testsuite hostname="DESKTOP-HV39KHQ" failures="0" tests="8" name="com.capriconians.test.Profile_test" time="274.117" errors="0" timestamp="2021-05-27T20:32:16 IST" skipped="4">
  <testcase classname="com.capriconians.test.Profile_test" name="like_follow_endorse_comment" time="86.534"/>
  <system-out/>
  <testcase classname="com.capriconians.test.Profile_test" name="create_company_post" time="48.245"/>
  <system-out/>
  <testcase classname="com.capriconians.test.Profile_test" name="create_company_project" time="65.910"/>
  <system-out/>
  <testcase classname="com.capriconians.test.Profile_test" name="chatuser" time="73.428"/>
  <system-out/>
  <testcase classname="com.capriconians.test.Profile_test" name="updateprofile">
    <skipped/>
  </testcase> <!-- updateprofile -->
  <system-out/>
  <testcase classname="com.capriconians.test.Profile_test" name="createproject">
    <skipped/>
  </testcase> <!-- createproject -->
  <system-out/>
  <testcase classname="com.capriconians.test.Profile_test" name="createcompany">
    <skipped/>
  </testcase> <!-- createcompany -->
  <system-out/>
  <testcase classname="com.capriconians.test.Profile_test" name="createpost">
    <skipped/>
  </testcase> <!-- createpost -->
  <system-out/>
</testsuite> <!-- com.capriconians.test.Profile_test -->
