<?xml version="1.0" encoding="UTF-8"?>
<!-- Generated by org.testng.reporters.JUnitReportReporter -->
<testsuite hostname="DESKTOP-HV39KHQ" failures="0" tests="4" name="com.capriconians.test.signuptest" time="106.418" errors="0" timestamp="2021-05-25T13:11:33 IST" skipped="0">
  <testcase classname="com.capriconians.test.signuptest" name="signup" time="38.000"/>
  <system-out/>
  <testcase classname="com.capriconians.test.signuptest" name="signupvalidations" time="15.747"/>
  <system-out/>
  <testcase classname="com.capriconians.test.signuptest" name="resetpassword" time="37.375"/>
  <system-out/>
  <testcase classname="com.capriconians.test.signuptest" name="loginvalidation" time="15.296"/>
  <system-out/>
</testsuite> <!-- com.capriconians.test.signuptest -->
