<?xml version="1.0" encoding="UTF-8"?>
<!-- Generated by org.testng.reporters.JUnitReportReporter -->
<testsuite hostname="DESKTOP-HV39KHQ" failures="0" tests="1" name="com.capriconians.test.activitiestest" time="68.699" errors="0" timestamp="2021-05-27T21:12:27 IST" skipped="0">
  <testcase classname="com.capriconians.test.activitiestest" name="data" time="68.699"/>
  <system-out/>
</testsuite> <!-- com.capriconians.test.activitiestest -->
