<?xml version="1.0" encoding="UTF-8"?>
<!-- Generated by org.testng.reporters.JUnitReportReporter -->
<testsuite hostname="DESKTOP-HV39KHQ" failures="0" tests="1" name="com.capriconians.test.account_settingstest" time="36.765" errors="0" timestamp="2021-05-25T13:11:33 IST" skipped="0">
  <testcase classname="com.capriconians.test.account_settingstest" name="accountsettings" time="36.765"/>
  <system-out/>
</testsuite> <!-- com.capriconians.test.account_settingstest -->
