<?xml version="1.0" encoding="UTF-8"?>
<!-- Generated by org.testng.reporters.JUnitReportReporter -->
<testsuite hostname="DESKTOP-HV39KHQ" failures="0" tests="3" name="Newpackage.apitesting" time="2.637" errors="0" timestamp="2021-06-19T12:42:17 IST" skipped="2">
  <testcase classname="Newpackage.apitesting" name="register" time="2.637"/>
  <system-out/>
  <testcase classname="Newpackage.apitesting" name="get">
    <skipped/>
  </testcase> <!-- get -->
  <system-out/>
  <testcase classname="Newpackage.apitesting" name="put">
    <skipped/>
  </testcase> <!-- put -->
  <system-out/>
</testsuite> <!-- Newpackage.apitesting -->
