<?xml version="1.0" encoding="UTF-8"?>
<!-- Generated by org.testng.reporters.JUnitReportReporter -->
<testsuite hostname="DESKTOP-HV39KHQ" failures="0" tests="3" name="Testcase.apitesting" time="2.782" errors="0" timestamp="2021-06-22T18:39:12 IST" skipped="2">
  <testcase classname="Testcase.apitesting" name="register" time="2.782"/>
  <system-out/>
  <testcase classname="Testcase.apitesting" name="get">
    <skipped/>
  </testcase> <!-- get -->
  <system-out/>
  <testcase classname="Testcase.apitesting" name="put">
    <skipped/>
  </testcase> <!-- put -->
  <system-out/>
</testsuite> <!-- Testcase.apitesting -->
