<?xml version="1.0" encoding="UTF-8"?>
<!-- Generated by org.testng.reporters.JUnitReportReporter -->
<testsuite hostname="DESKTOP-HV39KHQ" failures="0" tests="3" name="Testcase.apitesting" time="2.783" errors="0" timestamp="2021-06-19T14:28:50 IST" skipped="2">
  <testcase classname="Testcase.apitesting" name="register" time="2.783"/>
  <system-out/>
  <testcase classname="Testcase.apitesting" name="get">
    <skipped/>
  </testcase> <!-- get -->
  <system-out/>
  <testcase classname="Testcase.apitesting" name="put">
    <skipped/>
  </testcase> <!-- put -->
  <system-out/>
</testsuite> <!-- Testcase.apitesting -->
