<?xml version="1.0" encoding="UTF-8"?>
<!-- Generated by org.testng.reporters.JUnitReportReporter -->
<testsuite hostname="DESKTOP-HV39KHQ" failures="0" tests="4" name="Testcase.apitesting" time="3.095" errors="0" timestamp="2021-07-07T19:24:46 IST" skipped="3">
  <testcase classname="Testcase.apitesting" name="getsomedata" time="3.095"/>
  <system-out/>
  <testcase classname="Testcase.apitesting" name="get">
    <skipped/>
  </testcase> <!-- get -->
  <system-out/>
  <testcase classname="Testcase.apitesting" name="register">
    <skipped/>
  </testcase> <!-- register -->
  <system-out/>
  <testcase classname="Testcase.apitesting" name="put">
    <skipped/>
  </testcase> <!-- put -->
  <system-out/>
</testsuite> <!-- Testcase.apitesting -->
