<?xml version="1.0" encoding="UTF-8"?>
<!-- Generated by org.testng.reporters.JUnitReportReporter -->
<testsuite hostname="DESKTOP-HV39KHQ" failures="0" tests="2" name="src.mobileapp.test.meettest" time="44.308" errors="0" timestamp="2021-06-23T21:03:16 IST" skipped="1">
  <testcase classname="src.mobileapp.test.meettest" name="createmeeting" time="44.308"/>
  <system-out/>
  <testcase classname="src.mobileapp.test.meettest" name="signin">
    <skipped/>
  </testcase> <!-- signin -->
  <system-out/>
</testsuite> <!-- src.mobileapp.test.meettest -->
