<?xml version="1.0" encoding="UTF-8"?>
<!-- Generated by org.testng.reporters.JUnitReportReporter -->
<testsuite hostname="DESKTOP-HV39KHQ" failures="0" tests="2" name="com.interview.test.logintest" time="11.526" errors="0" timestamp="2021-07-10T09:48:35 IST" skipped="0">
  <testcase classname="com.interview.test.logintest" name="logindata" time="4.963"/>
  <system-out/>
  <testcase classname="com.interview.test.logintest" name="seconddata" time="6.563"/>
  <system-out/>
</testsuite> <!-- com.interview.test.logintest -->
