<?xml version="1.0" encoding="UTF-8"?>
<!-- Generated by org.testng.reporters.JUnitReportReporter -->
<testsuite hostname="DESKTOP-HV39KHQ" failures="0" tests="2" name="src.realppium.test.meettest" time="119.492" errors="0" timestamp="2021-06-27T12:36:38 IST" skipped="0">
  <testcase classname="src.realppium.test.meettest" name="signin" time="52.821"/>
  <system-out/>
  <testcase classname="src.realppium.test.meettest" name="createmeeting" time="66.671"/>
  <system-out/>
</testsuite> <!-- src.realppium.test.meettest -->
