<?xml version="1.0" encoding="UTF-8"?>
<!-- Generated by org.testng.reporters.JUnitReportReporter -->
<testsuite hostname="DESKTOP-HV39KHQ" failures="0" tests="1" name="Base" time="0.005" errors="0" timestamp="2021-06-26T15:12:30 IST" skipped="0">
  <testcase classname="Base" name="test" time="0.005"/>
  <system-out/>
</testsuite> <!-- Base -->
